<?xml version="1.0" encoding="UTF-8"?>
<!-- Generated by org.testng.reporters.JUnitReportReporter -->
<testsuite hostname="DESKTOP-18T0U9A" failures="0" tests="2" name="test.TestHome" time="2.267" errors="1" timestamp="29 Oct 2020 02:14:56 GMT" skipped="1">
  <testcase classname="test.TestHome" name="validateHomePageTitle" time="0.001">
    <skipped/>
  </testcase> <!-- validateHomePageTitle -->
  <testcase classname="test.TestHome" name="LaunchBrowxer" time="2.266">
    <error message="unknown error: cannot find Chrome binary
Build info: version: &#039;3.141.59&#039;, revision: &#039;e82be7d358&#039;, time: &#039;2018-11-14T08:17:03&#039;
System info: host: &#039;DESKTOP-18T0U9A&#039;, ip: &#039;192.168.1.100&#039;, os.name: &#039;Windows 10&#039;, os.arch: &#039;amd64&#039;, os.version: &#039;10.0&#039;, java.version: &#039;14.0.2&#039;
Driver info: driver.version: ChromeDriver
remote stacktrace: Backtrace:
	Ordinal0 [0x00BB87E3+2852835]
	Ordinal0 [0x00AA5BB1+1727409]
	Ordinal0 [0x0097E4B9+517305]
	Ordinal0 [0x0090CA98+51864]
	Ordinal0 [0x0092D9F7+186871]
	Ordinal0 [0x0092D7FD+186365]
	Ordinal0 [0x0092B70B+177931]
	Ordinal0 [0x00912584+75140]
	Ordinal0 [0x00913650+79440]
	Ordinal0 [0x009135E9+79337]
	Ordinal0 [0x00ABAD5C+1813852]
	GetHandleVerifier [0x00CDC616+1075574]
	GetHandleVerifier [0x00CDC367+1074887]
	GetHandleVerifier [0x00CE7497+1120247]
	GetHandleVerifier [0x00CDCC16+1077110]
	Ordinal0 [0x00AB3206+1782278]
	Ordinal0 [0x00ABC3BB+1819579]
	Ordinal0 [0x00ABC523+1819939]
	Ordinal0 [0x00AD2B45+1911621]
	BaseThreadInitThunk [0x76B28744+36]
	RtlGetAppContainerNamedObjectPath [0x770F58ED+253]
	RtlGetAppContainerNamedObjectPath [0x770F58BD+205]
" type="org.openqa.selenium.WebDriverException">
      <![CDATA[org.openqa.selenium.WebDriverException: unknown error: cannot find Chrome binary
Build info: version: '3.141.59', revision: 'e82be7d358', time: '2018-11-14T08:17:03'
System info: host: 'DESKTOP-18T0U9A', ip: '192.168.1.100', os.name: 'Windows 10', os.arch: 'amd64', os.version: '10.0', java.version: '14.0.2'
Driver info: driver.version: ChromeDriver
remote stacktrace: Backtrace:
	Ordinal0 [0x00BB87E3+2852835]
	Ordinal0 [0x00AA5BB1+1727409]
	Ordinal0 [0x0097E4B9+517305]
	Ordinal0 [0x0090CA98+51864]
	Ordinal0 [0x0092D9F7+186871]
	Ordinal0 [0x0092D7FD+186365]
	Ordinal0 [0x0092B70B+177931]
	Ordinal0 [0x00912584+75140]
	Ordinal0 [0x00913650+79440]
	Ordinal0 [0x009135E9+79337]
	Ordinal0 [0x00ABAD5C+1813852]
	GetHandleVerifier [0x00CDC616+1075574]
	GetHandleVerifier [0x00CDC367+1074887]
	GetHandleVerifier [0x00CE7497+1120247]
	GetHandleVerifier [0x00CDCC16+1077110]
	Ordinal0 [0x00AB3206+1782278]
	Ordinal0 [0x00ABC3BB+1819579]
	Ordinal0 [0x00ABC523+1819939]
	Ordinal0 [0x00AD2B45+1911621]
	BaseThreadInitThunk [0x76B28744+36]
	RtlGetAppContainerNamedObjectPath [0x770F58ED+253]
	RtlGetAppContainerNamedObjectPath [0x770F58BD+205]

	at java.base/jdk.internal.reflect.NativeConstructorAccessorImpl.newInstance0(Native Method)
	at java.base/jdk.internal.reflect.NativeConstructorAccessorImpl.newInstance(NativeConstructorAccessorImpl.java:62)
	at java.base/jdk.internal.reflect.DelegatingConstructorAccessorImpl.newInstance(DelegatingConstructorAccessorImpl.java:45)
	at java.base/java.lang.reflect.Constructor.newInstanceWithCaller(Constructor.java:500)
	at java.base/java.lang.reflect.Constructor.newInstance(Constructor.java:481)
	at org.openqa.selenium.remote.W3CHandshakeResponse.lambda$errorHandler$0(W3CHandshakeResponse.java:62)
	at org.openqa.selenium.remote.HandshakeResponse.lambda$getResponseFunction$0(HandshakeResponse.java:30)
	at org.openqa.selenium.remote.ProtocolHandshake.lambda$createSession$0(ProtocolHandshake.java:126)
	at java.base/java.util.stream.ReferencePipeline$3$1.accept(ReferencePipeline.java:195)
	at java.base/java.util.Spliterators$ArraySpliterator.tryAdvance(Spliterators.java:958)
	at java.base/java.util.stream.ReferencePipeline.forEachWithCancel(ReferencePipeline.java:127)
	at java.base/java.util.stream.AbstractPipeline.copyIntoWithCancel(AbstractPipeline.java:502)
	at java.base/java.util.stream.AbstractPipeline.copyInto(AbstractPipeline.java:488)
	at java.base/java.util.stream.AbstractPipeline.wrapAndCopyInto(AbstractPipeline.java:474)
	at java.base/java.util.stream.FindOps$FindOp.evaluateSequential(FindOps.java:150)
	at java.base/java.util.stream.AbstractPipeline.evaluate(AbstractPipeline.java:234)
	at java.base/java.util.stream.ReferencePipeline.findFirst(ReferencePipeline.java:543)
	at org.openqa.selenium.remote.ProtocolHandshake.createSession(ProtocolHandshake.java:128)
	at org.openqa.selenium.remote.ProtocolHandshake.createSession(ProtocolHandshake.java:74)
	at org.openqa.selenium.remote.HttpCommandExecutor.execute(HttpCommandExecutor.java:136)
	at org.openqa.selenium.remote.service.DriverCommandExecutor.execute(DriverCommandExecutor.java:83)
	at org.openqa.selenium.remote.RemoteWebDriver.execute(RemoteWebDriver.java:552)
	at org.openqa.selenium.remote.RemoteWebDriver.startSession(RemoteWebDriver.java:213)
	at org.openqa.selenium.remote.RemoteWebDriver.<init>(RemoteWebDriver.java:131)
	at org.openqa.selenium.chrome.ChromeDriver.<init>(ChromeDriver.java:181)
	at org.openqa.selenium.chrome.ChromeDriver.<init>(ChromeDriver.java:168)
	at org.openqa.selenium.chrome.ChromeDriver.<init>(ChromeDriver.java:123)
	at test.TestHome.LaunchBrowxer(TestHome.java:19)
	at java.base/jdk.internal.reflect.NativeMethodAccessorImpl.invoke0(Native Method)
	at java.base/jdk.internal.reflect.NativeMethodAccessorImpl.invoke(NativeMethodAccessorImpl.java:62)
	at java.base/jdk.internal.reflect.DelegatingMethodAccessorImpl.invoke(DelegatingMethodAccessorImpl.java:43)
	at java.base/java.lang.reflect.Method.invoke(Method.java:564)
	at org.testng.internal.MethodInvocationHelper.invokeMethod(MethodInvocationHelper.java:108)
	at org.testng.internal.Invoker.invokeConfigurationMethod(Invoker.java:523)
	at org.testng.internal.Invoker.invokeConfigurations(Invoker.java:224)
	at org.testng.internal.Invoker.invokeConfigurations(Invoker.java:146)
	at org.testng.TestRunner.beforeRun(TestRunner.java:626)
	at org.testng.TestRunner.run(TestRunner.java:594)
	at org.testng.SuiteRunner.runTest(SuiteRunner.java:380)
	at org.testng.SuiteRunner.runSequentially(SuiteRunner.java:375)
	at org.testng.SuiteRunner.privateRun(SuiteRunner.java:340)
	at org.testng.SuiteRunner.run(SuiteRunner.java:289)
	at org.testng.SuiteRunnerWorker.runSuite(SuiteRunnerWorker.java:52)
	at org.testng.SuiteRunnerWorker.run(SuiteRunnerWorker.java:86)
	at org.testng.TestNG.runSuitesSequentially(TestNG.java:1301)
	at org.testng.TestNG.runSuitesLocally(TestNG.java:1226)
	at org.testng.TestNG.runSuites(TestNG.java:1144)
	at org.testng.TestNG.run(TestNG.java:1115)
	at org.testng.remote.AbstractRemoteTestNG.run(AbstractRemoteTestNG.java:115)
	at org.testng.remote.RemoteTestNG.initAndRun(RemoteTestNG.java:251)
	at org.testng.remote.RemoteTestNG.main(RemoteTestNG.java:77)
]]>
    </error>
  </testcase> <!-- LaunchBrowxer -->
</testsuite> <!-- test.TestHome -->
